+---------------+------------------+---------------+
|          genre|   mean_genre_rate|movies_in_genre|
+---------------+------------------+---------------+
|         Action|3.1585329294510722|           1175|
|      Adventure|3.1687090625255823|            707|
|      Animation|3.1758854560200147|            223|
|         Comedy|3.1370494677399527|           2113|
|          Crime| 3.162583937888232|            907|
|    Documentary|3.0742356093239858|            503|
|          Drama|3.1391216242914504|           3724|
|         Family| 3.156905491920284|            386|
|        Fantasy|   3.1429135219007|            463|
|        Foreign|3.1139858344079143|            271|
|        History| 3.118791045849542|            306|
|         Horror| 3.134020262392475|            723|
|          Music| 3.189047782134767|            248|
|        Mystery|3.1487693926555473|            475|
|        Romance| 3.156277701839365|           1206|
|Science Fiction|3.1571636839139874|            593|
|       TV Movie|3.1481180692209967|             87|
|       Thriller|3.1482817481660916|           1427|
|            War|3.1146633826061434|            231|
|        Western|3.2140607181871017|            185|
+---------------+------------------+---------------+

Total execution time for Query 3 (Spark SQL - parquet format) is: 34.65332818031311 sec

