+---------------+------------------+---------------+
|          genre|   mean_genre_rate|movies_in_genre|
+---------------+------------------+---------------+
|         Action|3.1585329294510722|           1175|
|      Adventure|3.1687090625255814|            707|
|      Animation| 3.175885456020015|            223|
|         Comedy| 3.137049467739954|           2113|
|          Crime|3.1625839378882312|            907|
|    Documentary| 3.074235609323982|            503|
|          Drama|3.1391216242914495|           3724|
|         Family|3.1569054919202846|            386|
|        Fantasy|3.1429135219007005|            463|
|        Foreign|3.1139858344079143|            271|
|        History| 3.118791045849541|            306|
|         Horror|3.1340202623924744|            723|
|          Music|3.1890477821347676|            248|
|        Mystery|3.1487693926555482|            475|
|        Romance| 3.156277701839364|           1206|
|Science Fiction| 3.157163683913987|            593|
|       TV Movie|3.1481180692209967|             87|
|       Thriller|3.1482817481660925|           1427|
|            War|3.1146633826061416|            231|
|        Western|3.2140607181871017|            185|
+---------------+------------------+---------------+

Total execution time for Query 3 (Spark SQL - csv format) is: 94.74766707420349 sec

